<?xml version="1.0" encoding="UTF-8"?>
<testng-results skipped="0" failed="0" ignored="0" total="1" passed="1">
  <reporter-output>
  </reporter-output>
  <suite name="Default suite" duration-ms="26763" started-at="2022-03-23T19:57:59 IST" finished-at="2022-03-23T19:58:26 IST">
    <groups>
    </groups>
    <test name="Default test" duration-ms="26763" started-at="2022-03-23T19:57:59 IST" finished-at="2022-03-23T19:58:26 IST">
      <class name="Login.Admin_Login">
        <test-method status="PASS" signature="Login()[pri:0, instance:Login.Admin_Login@12cdcf4]" name="Login" duration-ms="26681" started-at="2022-03-23T19:57:59 IST" finished-at="2022-03-23T19:58:26 IST">
          <reporter-output>
          </reporter-output>
        </test-method> <!-- Login -->
      </class> <!-- Login.Admin_Login -->
    </test> <!-- Default test -->
  </suite> <!-- Default suite -->
</testng-results>
